<?xml version="1.0" encoding="UTF-8"?>
<testsuite xmlns:xsi="http://www.w3.org/2001/XMLSchema-instance" xsi:noNamespaceSchemaLocation="https://maven.apache.org/surefire/maven-surefire-plugin/xsd/surefire-test-report-3.0.xsd" version="3.0" name="BookTest" time="0.103" tests="11" errors="0" skipped="0" failures="0">
  <properties>
[...]
</properties>
  <testcase name="testBookTitle(String)[1]" classname="BookTest" time="0.037"/>
  <testcase name="testBookTitle(String)[2]" classname="BookTest" time="0.001"/>
  <testcase name="testBookTitle(String)[3]" classname="BookTest" time="0.001"/>
  <testcase name="testBookDate(Date)[1]" classname="BookTest" time="0.001"/>
  <testcase name="testBookDate(Date)[2]" classname="BookTest" time="0"/>
  <testcase name="testBookDate(Date)[3]" classname="BookTest" time="0.001"/>
  <testcase name="testBookTitleEmpty(String)[1]" classname="BookTest" time="0.002"/>
  <testcase name="testBookAuthor(String)[1]" classname="BookTest" time="0"/>
  <testcase name="testBookAuthor(String)[2]" classname="BookTest" time="0.001"/>
  <testcase name="testBookAuthor(String)[3]" classname="BookTest" time="0.001"/>
  <testcase name="testBookAuthorEmpty(String)[1]" classname="BookTest" time="0.002"/>
</testsuite>